PHPUnit 3.7.21 by Sebastian Bergmann.

Configuration read from /vagrant/libs/kohana-modules/purchases/phpunit.xml

.[31;1mE[0m.

Time: 0 seconds, Memory: 7.25Mb

There was 1 error:

1) Model_PurchaseTest::test_items
ErrorException: Trying to get property of non-object

/vagrant/libs/kohana-modules/purchases/tests/tests/Model/PurchaseTest.php:86

[37;41m[2KFAILURES!
[0m[37;41m[2KTests: 3, Assertions: 11, Errors: 1.
[0m[2K